# JRE version: Java(TM) SE Runtime Environment (8.0_151-b12) (build 1.8.0_151-b12)
# Java VM: Java HotSpot(TM) 64-Bit Server VM (25.151-b12 mixed mode linux-amd64 compressed oops)
Heap:
 PSYoungGen      total 16384K, used 9184K [0x00000000ee500000, 0x00000000ef700000, 0x0000000100000000)
  eden space 14336K, 49% used [0x00000000ee500000,0x00000000eebfb860,0x00000000ef300000)
  from space 2048K, 99% used [0x00000000ef500000,0x00000000ef6fc820,0x00000000ef700000)
  to   space 2048K, 0% used [0x00000000ef300000,0x00000000ef300000,0x00000000ef500000)
 ParOldGen       total 36864K, used 5423K [0x00000000cae00000, 0x00000000cd200000, 0x00000000ee500000)
  object space 36864K, 14% used [0x00000000cae00000,0x00000000cb34bf90,0x00000000cd200000)
 Metaspace       used 15697K, capacity 15986K, committed 16256K, reserved 1062912K
  class space    used 1833K, capacity 1907K, committed 1920K, reserved 1048576K
GC Heap History (4 events):
Event: 6,375 GC heap before
{Heap before GC invocations=1 (full 0):
 PSYoungGen      total 16384K, used 14336K [0x00000000ee500000, 0x00000000ef700000, 0x0000000100000000)
  eden space 14336K, 100% used [0x00000000ee500000,0x00000000ef300000,0x00000000ef300000)
  from space 2048K, 0% used [0x00000000ef500000,0x00000000ef500000,0x00000000ef700000)
  to   space 2048K, 0% used [0x00000000ef300000,0x00000000ef300000,0x00000000ef500000)
 ParOldGen       total 36864K, used 0K [0x00000000cae00000, 0x00000000cd200000, 0x00000000ee500000)
  object space 36864K, 0% used [0x00000000cae00000,0x00000000cae00000,0x00000000cd200000)
 Metaspace       used 12758K, capacity 12968K, committed 13184K, reserved 1060864K
  class space    used 1518K, capacity 1586K, committed 1664K, reserved 1048576K
Event: 6,434 GC heap after
Heap after GC invocations=1 (full 0):
 PSYoungGen      total 16384K, used 2034K [0x00000000ee500000, 0x00000000ef700000, 0x0000000100000000)
  eden space 14336K, 0% used [0x00000000ee500000,0x00000000ee500000,0x00000000ef300000)
  from space 2048K, 99% used [0x00000000ef300000,0x00000000ef4fc820,0x00000000ef500000)
  to   space 2048K, 0% used [0x00000000ef500000,0x00000000ef500000,0x00000000ef700000)
 ParOldGen       total 36864K, used 3022K [0x00000000cae00000, 0x00000000cd200000, 0x00000000ee500000)
  object space 36864K, 8% used [0x00000000cae00000,0x00000000cb0f3bc8,0x00000000cd200000)
 Metaspace       used 12758K, capacity 12968K, committed 13184K, reserved 1060864K
  class space    used 1518K, capacity 1586K, committed 1664K, reserved 1048576K
}
Event: 35,266 GC heap before
{Heap before GC invocations=2 (full 0):
 PSYoungGen      total 16384K, used 16370K [0x00000000ee500000, 0x00000000ef700000, 0x0000000100000000)
  eden space 14336K, 100% used [0x00000000ee500000,0x00000000ef300000,0x00000000ef300000)
  from space 2048K, 99% used [0x00000000ef300000,0x00000000ef4fc820,0x00000000ef500000)
  to   space 2048K, 0% used [0x00000000ef500000,0x00000000ef500000,0x00000000ef700000)
 ParOldGen       total 36864K, used 3022K [0x00000000cae00000, 0x00000000cd200000, 0x00000000ee500000)
  object space 36864K, 8% used [0x00000000cae00000,0x00000000cb0f3bc8,0x00000000cd200000)
 Metaspace       used 14240K, capacity 14508K, committed 14848K, reserved 1062912K
  class space    used 1632K, capacity 1714K, committed 1792K, reserved 1048576K
Event: 35,328 GC heap after
Heap after GC invocations=2 (full 0):
 PSYoungGen      total 16384K, used 2034K [0x00000000ee500000, 0x00000000ef700000, 0x0000000100000000)
  eden space 14336K, 0% used [0x00000000ee500000,0x00000000ee500000,0x00000000ef300000)
  from space 2048K, 99% used [0x00000000ef500000,0x00000000ef6fc820,0x00000000ef700000)
  to   space 2048K, 0% used [0x00000000ef300000,0x00000000ef300000,0x00000000ef500000)
 ParOldGen       total 36864K, used 5423K [0x00000000cae00000, 0x00000000cd200000, 0x00000000ee500000)
  object space 36864K, 14% used [0x00000000cae00000,0x00000000cb34bf90,0x00000000cd200000)
 Metaspace       used 14240K, capacity 14508K, committed 14848K, reserved 1062912K
  class space    used 1632K, capacity 1714K, committed 1792K, reserved 1048576K
}

