# JRE version: Java(TM) SE Runtime Environment (8.0_151-b12) (build 1.8.0_151-b12)
# Java VM: Java HotSpot(TM) 64-Bit Server VM (25.151-b12 mixed mode linux-amd64 compressed oops)
Heap:
 PSYoungGen      total 16384K, used 5153K [0x00000000ee500000, 0x00000000ef700000, 0x0000000100000000)
  eden space 14336K, 21% used [0x00000000ee500000,0x00000000ee8106a8,0x00000000ef300000)
  from space 2048K, 98% used [0x00000000ef500000,0x00000000ef6f8020,0x00000000ef700000)
  to   space 2048K, 0% used [0x00000000ef300000,0x00000000ef300000,0x00000000ef500000)
 ParOldGen       total 36864K, used 5657K [0x00000000cae00000, 0x00000000cd200000, 0x00000000ee500000)
  object space 36864K, 15% used [0x00000000cae00000,0x00000000cb386710,0x00000000cd200000)
 Metaspace       used 16019K, capacity 16310K, committed 16640K, reserved 1064960K
  class space    used 1954K, capacity 2035K, committed 2048K, reserved 1048576K
GC Heap History (4 events):
Event: 7,126 GC heap before
{Heap before GC invocations=1 (full 0):
 PSYoungGen      total 16384K, used 14336K [0x00000000ee500000, 0x00000000ef700000, 0x0000000100000000)
  eden space 14336K, 100% used [0x00000000ee500000,0x00000000ef300000,0x00000000ef300000)
  from space 2048K, 0% used [0x00000000ef500000,0x00000000ef500000,0x00000000ef700000)
  to   space 2048K, 0% used [0x00000000ef300000,0x00000000ef300000,0x00000000ef500000)
 ParOldGen       total 36864K, used 0K [0x00000000cae00000, 0x00000000cd200000, 0x00000000ee500000)
  object space 36864K, 0% used [0x00000000cae00000,0x00000000cae00000,0x00000000cd200000)
 Metaspace       used 12783K, capacity 13036K, committed 13440K, reserved 1060864K
  class space    used 1517K, capacity 1586K, committed 1664K, reserved 1048576K
Event: 7,193 GC heap after
Heap after GC invocations=1 (full 0):
 PSYoungGen      total 16384K, used 2048K [0x00000000ee500000, 0x00000000ef700000, 0x0000000100000000)
  eden space 14336K, 0% used [0x00000000ee500000,0x00000000ee500000,0x00000000ef300000)
  from space 2048K, 100% used [0x00000000ef300000,0x00000000ef500000,0x00000000ef500000)
  to   space 2048K, 0% used [0x00000000ef500000,0x00000000ef500000,0x00000000ef700000)
 ParOldGen       total 36864K, used 3022K [0x00000000cae00000, 0x00000000cd200000, 0x00000000ee500000)
  object space 36864K, 8% used [0x00000000cae00000,0x00000000cb0f3ba8,0x00000000cd200000)
 Metaspace       used 12783K, capacity 13036K, committed 13440K, reserved 1060864K
  class space    used 1517K, capacity 1586K, committed 1664K, reserved 1048576K
}
Event: 54,340 GC heap before
{Heap before GC invocations=2 (full 0):
 PSYoungGen      total 16384K, used 16384K [0x00000000ee500000, 0x00000000ef700000, 0x0000000100000000)
  eden space 14336K, 100% used [0x00000000ee500000,0x00000000ef300000,0x00000000ef300000)
  from space 2048K, 100% used [0x00000000ef300000,0x00000000ef500000,0x00000000ef500000)
  to   space 2048K, 0% used [0x00000000ef500000,0x00000000ef500000,0x00000000ef700000)
 ParOldGen       total 36864K, used 3022K [0x00000000cae00000, 0x00000000cd200000, 0x00000000ee500000)
  object space 36864K, 8% used [0x00000000cae00000,0x00000000cb0f3ba8,0x00000000cd200000)
 Metaspace       used 14623K, capacity 14928K, committed 15104K, reserved 1062912K
  class space    used 1678K, capacity 1746K, committed 1792K, reserved 1048576K
Event: 54,386 GC heap after
Heap after GC invocations=2 (full 0):
 PSYoungGen      total 16384K, used 2016K [0x00000000ee500000, 0x00000000ef700000, 0x0000000100000000)
  eden space 14336K, 0% used [0x00000000ee500000,0x00000000ee500000,0x00000000ef300000)
  from space 2048K, 98% used [0x00000000ef500000,0x00000000ef6f8020,0x00000000ef700000)
  to   space 2048K, 0% used [0x00000000ef300000,0x00000000ef300000,0x00000000ef500000)
 ParOldGen       total 36864K, used 5657K [0x00000000cae00000, 0x00000000cd200000, 0x00000000ee500000)
  object space 36864K, 15% used [0x00000000cae00000,0x00000000cb386710,0x00000000cd200000)
 Metaspace       used 14623K, capacity 14928K, committed 15104K, reserved 1062912K
  class space    used 1678K, capacity 1746K, committed 1792K, reserved 1048576K
}

