# JRE version: Java(TM) SE Runtime Environment (8.0_151-b12) (build 1.8.0_151-b12)
# Java VM: Java HotSpot(TM) 64-Bit Server VM (25.151-b12 mixed mode linux-amd64 compressed oops)
Heap:
 PSYoungGen      total 16384K, used 5552K [0x00000000ee500000, 0x00000000f0500000, 0x0000000100000000)
  eden space 14336K, 24% used [0x00000000ee500000,0x00000000ee8739b8,0x00000000ef300000)
  from space 2048K, 98% used [0x00000000f0300000,0x00000000f04f8830,0x00000000f0500000)
  to   space 2048K, 0% used [0x00000000ef300000,0x00000000ef300000,0x00000000ef500000)
 ParOldGen       total 36864K, used 5675K [0x00000000cae00000, 0x00000000cd200000, 0x00000000ee500000)
  object space 36864K, 15% used [0x00000000cae00000,0x00000000cb38ae70,0x00000000cd200000)
 Metaspace       used 16133K, capacity 16406K, committed 16768K, reserved 1064960K
  class space    used 1972K, capacity 2067K, committed 2176K, reserved 1048576K
GC Heap History (4 events):
Event: 6,514 GC heap before
{Heap before GC invocations=1 (full 0):
 PSYoungGen      total 16384K, used 14326K [0x00000000ee500000, 0x00000000ef700000, 0x0000000100000000)
  eden space 14336K, 99% used [0x00000000ee500000,0x00000000ef2fdad8,0x00000000ef300000)
  from space 2048K, 0% used [0x00000000ef500000,0x00000000ef500000,0x00000000ef700000)
  to   space 2048K, 0% used [0x00000000ef300000,0x00000000ef300000,0x00000000ef500000)
 ParOldGen       total 36864K, used 0K [0x00000000cae00000, 0x00000000cd200000, 0x00000000ee500000)
  object space 36864K, 0% used [0x00000000cae00000,0x00000000cae00000,0x00000000cd200000)
 Metaspace       used 12785K, capacity 13036K, committed 13440K, reserved 1060864K
  class space    used 1517K, capacity 1586K, committed 1664K, reserved 1048576K
Event: 6,595 GC heap after
Heap after GC invocations=1 (full 0):
 PSYoungGen      total 16384K, used 2048K [0x00000000ee500000, 0x00000000f0500000, 0x0000000100000000)
  eden space 14336K, 0% used [0x00000000ee500000,0x00000000ee500000,0x00000000ef300000)
  from space 2048K, 100% used [0x00000000ef300000,0x00000000ef500000,0x00000000ef500000)
  to   space 2048K, 0% used [0x00000000f0300000,0x00000000f0300000,0x00000000f0500000)
 ParOldGen       total 36864K, used 3058K [0x00000000cae00000, 0x00000000cd200000, 0x00000000ee500000)
  object space 36864K, 8% used [0x00000000cae00000,0x00000000cb0fca48,0x00000000cd200000)
 Metaspace       used 12785K, capacity 13036K, committed 13440K, reserved 1060864K
  class space    used 1517K, capacity 1586K, committed 1664K, reserved 1048576K
}
Event: 45,752 GC heap before
{Heap before GC invocations=2 (full 0):
 PSYoungGen      total 16384K, used 16384K [0x00000000ee500000, 0x00000000f0500000, 0x0000000100000000)
  eden space 14336K, 100% used [0x00000000ee500000,0x00000000ef300000,0x00000000ef300000)
  from space 2048K, 100% used [0x00000000ef300000,0x00000000ef500000,0x00000000ef500000)
  to   space 2048K, 0% used [0x00000000f0300000,0x00000000f0300000,0x00000000f0500000)
 ParOldGen       total 36864K, used 3058K [0x00000000cae00000, 0x00000000cd200000, 0x00000000ee500000)
  object space 36864K, 8% used [0x00000000cae00000,0x00000000cb0fca48,0x00000000cd200000)
 Metaspace       used 14870K, capacity 15184K, committed 15488K, reserved 1062912K
  class space    used 1729K, capacity 1810K, committed 1920K, reserved 1048576K
Event: 45,804 GC heap after
Heap after GC invocations=2 (full 0):
 PSYoungGen      total 16384K, used 2018K [0x00000000ee500000, 0x00000000f0500000, 0x0000000100000000)
  eden space 14336K, 0% used [0x00000000ee500000,0x00000000ee500000,0x00000000ef300000)
  from space 2048K, 98% used [0x00000000f0300000,0x00000000f04f8830,0x00000000f0500000)
  to   space 2048K, 0% used [0x00000000ef300000,0x00000000ef300000,0x00000000ef500000)
 ParOldGen       total 36864K, used 5675K [0x00000000cae00000, 0x00000000cd200000, 0x00000000ee500000)
  object space 36864K, 15% used [0x00000000cae00000,0x00000000cb38ae70,0x00000000cd200000)
 Metaspace       used 14870K, capacity 15184K, committed 15488K, reserved 1062912K
  class space    used 1729K, capacity 1810K, committed 1920K, reserved 1048576K
}

