# JRE version: Java(TM) SE Runtime Environment (8.0_151-b12) (build 1.8.0_151-b12)
# Java VM: Java HotSpot(TM) 64-Bit Server VM (25.151-b12 mixed mode linux-amd64 compressed oops)
Heap:
 PSYoungGen      total 30720K, used 15041K [0x00000000ee500000, 0x00000000f2100000, 0x0000000100000000)
  eden space 28672K, 45% used [0x00000000ee500000,0x00000000ef1b27b0,0x00000000f0100000)
  from space 2048K, 99% used [0x00000000f0100000,0x00000000f02fde00,0x00000000f0300000)
  to   space 2048K, 0% used [0x00000000f1f00000,0x00000000f1f00000,0x00000000f2100000)
 ParOldGen       total 36864K, used 10032K [0x00000000cae00000, 0x00000000cd200000, 0x00000000ee500000)
  object space 36864K, 27% used [0x00000000cae00000,0x00000000cb7cc308,0x00000000cd200000)
 Metaspace       used 19603K, capacity 19910K, committed 20352K, reserved 1067008K
  class space    used 2312K, capacity 2395K, committed 2432K, reserved 1048576K
GC Heap History (6 events):
Event: 5,098 GC heap before
{Heap before GC invocations=1 (full 0):
 PSYoungGen      total 16384K, used 14336K [0x00000000ee500000, 0x00000000ef700000, 0x0000000100000000)
  eden space 14336K, 100% used [0x00000000ee500000,0x00000000ef300000,0x00000000ef300000)
  from space 2048K, 0% used [0x00000000ef500000,0x00000000ef500000,0x00000000ef700000)
  to   space 2048K, 0% used [0x00000000ef300000,0x00000000ef300000,0x00000000ef500000)
 ParOldGen       total 36864K, used 0K [0x00000000cae00000, 0x00000000cd200000, 0x00000000ee500000)
  object space 36864K, 0% used [0x00000000cae00000,0x00000000cae00000,0x00000000cd200000)
 Metaspace       used 12801K, capacity 13100K, committed 13440K, reserved 1060864K
  class space    used 1521K, capacity 1586K, committed 1664K, reserved 1048576K
Event: 5,184 GC heap after
Heap after GC invocations=1 (full 0):
 PSYoungGen      total 16384K, used 2048K [0x00000000ee500000, 0x00000000f0500000, 0x0000000100000000)
  eden space 14336K, 0% used [0x00000000ee500000,0x00000000ee500000,0x00000000ef300000)
  from space 2048K, 100% used [0x00000000ef300000,0x00000000ef500000,0x00000000ef500000)
  to   space 2048K, 0% used [0x00000000f0300000,0x00000000f0300000,0x00000000f0500000)
 ParOldGen       total 36864K, used 3030K [0x00000000cae00000, 0x00000000cd200000, 0x00000000ee500000)
  object space 36864K, 8% used [0x00000000cae00000,0x00000000cb0f5a58,0x00000000cd200000)
 Metaspace       used 12801K, capacity 13100K, committed 13440K, reserved 1060864K
  class space    used 1521K, capacity 1586K, committed 1664K, reserved 1048576K
}
Event: 6,177 GC heap before
{Heap before GC invocations=2 (full 0):
 PSYoungGen      total 16384K, used 15738K [0x00000000ee500000, 0x00000000f0500000, 0x0000000100000000)
  eden space 14336K, 95% used [0x00000000ee500000,0x00000000ef25eb38,0x00000000ef300000)
  from space 2048K, 100% used [0x00000000ef300000,0x00000000ef500000,0x00000000ef500000)
  to   space 2048K, 0% used [0x00000000f0300000,0x00000000f0300000,0x00000000f0500000)
 ParOldGen       total 36864K, used 3030K [0x00000000cae00000, 0x00000000cd200000, 0x00000000ee500000)
  object space 36864K, 8% used [0x00000000cae00000,0x00000000cb0f5a58,0x00000000cd200000)
 Metaspace       used 13275K, capacity 13548K, committed 13696K, reserved 1060864K
  class space    used 1575K, capacity 1650K, committed 1664K, reserved 1048576K
Event: 6,219 GC heap after
Heap after GC invocations=2 (full 0):
 PSYoungGen      total 30720K, used 2016K [0x00000000ee500000, 0x00000000f0500000, 0x0000000100000000)
  eden space 28672K, 0% used [0x00000000ee500000,0x00000000ee500000,0x00000000f0100000)
  from space 2048K, 98% used [0x00000000f0300000,0x00000000f04f8020,0x00000000f0500000)
  to   space 2048K, 0% used [0x00000000f0100000,0x00000000f0100000,0x00000000f0300000)
 ParOldGen       total 36864K, used 5423K [0x00000000cae00000, 0x00000000cd200000, 0x00000000ee500000)
  object space 36864K, 14% used [0x00000000cae00000,0x00000000cb34be80,0x00000000cd200000)
 Metaspace       used 13275K, capacity 13548K, committed 13696K, reserved 1060864K
  class space    used 1575K, capacity 1650K, committed 1664K, reserved 1048576K
}
Event: 153,992 GC heap before
{Heap before GC invocations=3 (full 0):
 PSYoungGen      total 30720K, used 30688K [0x00000000ee500000, 0x00000000f0500000, 0x0000000100000000)
  eden space 28672K, 100% used [0x00000000ee500000,0x00000000f0100000,0x00000000f0100000)
  from space 2048K, 98% used [0x00000000f0300000,0x00000000f04f8020,0x00000000f0500000)
  to   space 2048K, 0% used [0x00000000f0100000,0x00000000f0100000,0x00000000f0300000)
 ParOldGen       total 36864K, used 5423K [0x00000000cae00000, 0x00000000cd200000, 0x00000000ee500000)
  object space 36864K, 14% used [0x00000000cae00000,0x00000000cb34be80,0x00000000cd200000)
 Metaspace       used 19240K, capacity 19534K, committed 19840K, reserved 1067008K
  class space    used 2286K, capacity 2359K, committed 2432K, reserved 1048576K
Event: 154,032 GC heap after
Heap after GC invocations=3 (full 0):
 PSYoungGen      total 30720K, used 2039K [0x00000000ee500000, 0x00000000f2100000, 0x0000000100000000)
  eden space 28672K, 0% used [0x00000000ee500000,0x00000000ee500000,0x00000000f0100000)
  from space 2048K, 99% used [0x00000000f0100000,0x00000000f02fde00,0x00000000f0300000)
  to   space 2048K, 0% used [0x00000000f1f00000,0x00000000f1f00000,0x00000000f2100000)
 ParOldGen       total 36864K, used 10032K [0x00000000cae00000, 0x00000000cd200000, 0x00000000ee500000)
  object space 36864K, 27% used [0x00000000cae00000,0x00000000cb7cc308,0x00000000cd200000)
 Metaspace       used 19240K, capacity 19534K, committed 19840K, reserved 1067008K
  class space    used 2286K, capacity 2359K, committed 2432K, reserved 1048576K
}

