# JRE version: Java(TM) SE Runtime Environment (8.0_151-b12) (build 1.8.0_151-b12)
# Java VM: Java HotSpot(TM) 64-Bit Server VM (25.151-b12 mixed mode linux-amd64 compressed oops)
Heap:
 PSYoungGen      total 16384K, used 7354K [0x00000000ee500000, 0x00000000ef700000, 0x0000000100000000)
  eden space 14336K, 37% used [0x00000000ee500000,0x00000000eea36060,0x00000000ef300000)
  from space 2048K, 98% used [0x00000000ef500000,0x00000000ef6f8830,0x00000000ef700000)
  to   space 2048K, 0% used [0x00000000ef300000,0x00000000ef300000,0x00000000ef500000)
 ParOldGen       total 36864K, used 5451K [0x00000000cae00000, 0x00000000cd200000, 0x00000000ee500000)
  object space 36864K, 14% used [0x00000000cae00000,0x00000000cb352fb0,0x00000000cd200000)
 Metaspace       used 16210K, capacity 16530K, committed 16768K, reserved 1064960K
  class space    used 1974K, capacity 2067K, committed 2176K, reserved 1048576K
GC Heap History (4 events):
Event: 23,151 GC heap before
{Heap before GC invocations=1 (full 0):
 PSYoungGen      total 16384K, used 14336K [0x00000000ee500000, 0x00000000ef700000, 0x0000000100000000)
  eden space 14336K, 100% used [0x00000000ee500000,0x00000000ef300000,0x00000000ef300000)
  from space 2048K, 0% used [0x00000000ef500000,0x00000000ef500000,0x00000000ef700000)
  to   space 2048K, 0% used [0x00000000ef300000,0x00000000ef300000,0x00000000ef500000)
 ParOldGen       total 36864K, used 0K [0x00000000cae00000, 0x00000000cd200000, 0x00000000ee500000)
  object space 36864K, 0% used [0x00000000cae00000,0x00000000cae00000,0x00000000cd200000)
 Metaspace       used 12825K, capacity 13064K, committed 13440K, reserved 1060864K
  class space    used 1525K, capacity 1618K, committed 1664K, reserved 1048576K
Event: 23,175 GC heap after
Heap after GC invocations=1 (full 0):
 PSYoungGen      total 16384K, used 2048K [0x00000000ee500000, 0x00000000ef700000, 0x0000000100000000)
  eden space 14336K, 0% used [0x00000000ee500000,0x00000000ee500000,0x00000000ef300000)
  from space 2048K, 100% used [0x00000000ef300000,0x00000000ef500000,0x00000000ef500000)
  to   space 2048K, 0% used [0x00000000ef500000,0x00000000ef500000,0x00000000ef700000)
 ParOldGen       total 36864K, used 2934K [0x00000000cae00000, 0x00000000cd200000, 0x00000000ee500000)
  object space 36864K, 7% used [0x00000000cae00000,0x00000000cb0ddba8,0x00000000cd200000)
 Metaspace       used 12825K, capacity 13064K, committed 13440K, reserved 1060864K
  class space    used 1525K, capacity 1618K, committed 1664K, reserved 1048576K
}
Event: 79,436 GC heap before
{Heap before GC invocations=2 (full 0):
 PSYoungGen      total 16384K, used 16384K [0x00000000ee500000, 0x00000000ef700000, 0x0000000100000000)
  eden space 14336K, 100% used [0x00000000ee500000,0x00000000ef300000,0x00000000ef300000)
  from space 2048K, 100% used [0x00000000ef300000,0x00000000ef500000,0x00000000ef500000)
  to   space 2048K, 0% used [0x00000000ef500000,0x00000000ef500000,0x00000000ef700000)
 ParOldGen       total 36864K, used 2934K [0x00000000cae00000, 0x00000000cd200000, 0x00000000ee500000)
  object space 36864K, 7% used [0x00000000cae00000,0x00000000cb0ddba8,0x00000000cd200000)
 Metaspace       used 14222K, capacity 14508K, committed 14848K, reserved 1062912K
  class space    used 1631K, capacity 1714K, committed 1792K, reserved 1048576K
Event: 79,460 GC heap after
Heap after GC invocations=2 (full 0):
 PSYoungGen      total 16384K, used 2018K [0x00000000ee500000, 0x00000000ef700000, 0x0000000100000000)
  eden space 14336K, 0% used [0x00000000ee500000,0x00000000ee500000,0x00000000ef300000)
  from space 2048K, 98% used [0x00000000ef500000,0x00000000ef6f8830,0x00000000ef700000)
  to   space 2048K, 0% used [0x00000000ef300000,0x00000000ef300000,0x00000000ef500000)
 ParOldGen       total 36864K, used 5451K [0x00000000cae00000, 0x00000000cd200000, 0x00000000ee500000)
  object space 36864K, 14% used [0x00000000cae00000,0x00000000cb352fb0,0x00000000cd200000)
 Metaspace       used 14222K, capacity 14508K, committed 14848K, reserved 1062912K
  class space    used 1631K, capacity 1714K, committed 1792K, reserved 1048576K
}

